<?xml version="1.0" encoding="UTF-8"?>
<!-- Generated by org.testng.reporters.JUnitXMLReporter -->
<testsuite hostname="Shalinis-MacBook-Pro.local" ignored="10" name="Surefire test" tests="7" failures="0" timestamp="28 Sep 2020 18:47:27 GMT" time="0.394" errors="0">
  <testcase name="@BeforeClass springTestContextPrepareTestInstance" time="0.017" classname="org.springframework.test.context.testng.AbstractTestNGSpringContextTests">
    <failure type="org.springframework.beans.factory.UnsatisfiedDependencyException" message="Error creating bean with name &amp;apos;com.citrus.myproject.SampleCitrusFunctionsDemoIT&amp;apos;: Unsatisfied dependency expressed through field &amp;apos;httpclient&amp;apos;; nested exception is org.springframework.beans.factory.NoSuchBeanDefinitionException: No qualifying bean of type &amp;apos;com.consol.citrus.http.client.HttpClient&amp;apos; available: expected at least 1 bean which qualifies as autowire candidate. Dependency annotations: {@org.springframework.beans.factory.annotation.Autowired(required=true)}">
      <![CDATA[org.springframework.beans.factory.UnsatisfiedDependencyException: Error creating bean with name 'com.citrus.myproject.SampleCitrusFunctionsDemoIT': Unsatisfied dependency expressed through field 'httpclient'; nested exception is org.springframework.beans.factory.NoSuchBeanDefinitionException: No qualifying bean of type 'com.consol.citrus.http.client.HttpClient' available: expected at least 1 bean which qualifies as autowire candidate. Dependency annotations: {@org.springframework.beans.factory.annotation.Autowired(required=true)}
	at org.springframework.beans.factory.annotation.AutowiredAnnotationBeanPostProcessor$AutowiredFieldElement.inject(AutowiredAnnotationBeanPostProcessor.java:586)
	at org.springframework.beans.factory.annotation.InjectionMetadata.inject(InjectionMetadata.java:91)
	at org.springframework.beans.factory.annotation.AutowiredAnnotationBeanPostProcessor.postProcessPropertyValues(AutowiredAnnotationBeanPostProcessor.java:372)
	at org.springframework.beans.factory.support.AbstractAutowireCapableBeanFactory.populateBean(AbstractAutowireCapableBeanFactory.java:1341)
	at org.springframework.beans.factory.support.AbstractAutowireCapableBeanFactory.autowireBeanProperties(AbstractAutowireCapableBeanFactory.java:393)
	at org.springframework.test.context.support.DependencyInjectionTestExecutionListener.injectDependencies(DependencyInjectionTestExecutionListener.java:118)
	at org.springframework.test.context.support.DependencyInjectionTestExecutionListener.prepareTestInstance(DependencyInjectionTestExecutionListener.java:83)
	at org.springframework.test.context.TestContextManager.prepareTestInstance(TestContextManager.java:246)
	at org.springframework.test.context.testng.AbstractTestNGSpringContextTests.springTestContextPrepareTestInstance(AbstractTestNGSpringContextTests.java:145)
Caused by: org.springframework.beans.factory.NoSuchBeanDefinitionException: No qualifying bean of type 'com.consol.citrus.http.client.HttpClient' available: expected at least 1 bean which qualifies as autowire candidate. Dependency annotations: {@org.springframework.beans.factory.annotation.Autowired(required=true)}
	at org.springframework.beans.factory.support.DefaultListableBeanFactory.raiseNoMatchingBeanFound(DefaultListableBeanFactory.java:1506)
	at org.springframework.beans.factory.support.DefaultListableBeanFactory.doResolveDependency(DefaultListableBeanFactory.java:1101)
	at org.springframework.beans.factory.support.DefaultListableBeanFactory.resolveDependency(DefaultListableBeanFactory.java:1062)
	at org.springframework.beans.factory.annotation.AutowiredAnnotationBeanPostProcessor$AutowiredFieldElement.inject(AutowiredAnnotationBeanPostProcessor.java:583)
	... 37 more
... Removed 29 stack frames]]>
    </failure>
  </testcase> <!-- @BeforeClass springTestContextPrepareTestInstance -->
  <testcase name="test1" time="0.192" classname="com.citrus.myproject.SampleBehaviorDemoIT"/>
  <testcase name="test2" time="0.108" classname="com.citrus.myproject.SampleBehaviorDemoIT"/>
  <testcase name="testJsonFunctions" time="0.0" classname="com.citrus.myproject.SampleCitrusFunctionsDemoIT">
    <skipped/>
  </testcase> <!-- testJsonFunctions -->
  <testcase name="testLogService" time="0.0" classname="com.citrus.myproject.SampleJavaIDesignerDrawbackIT">
    <skipped/>
  </testcase> <!-- testLogService -->
  <testcase name="echoToday" time="0.0" classname="com.citrus.myproject.SampleJavaIT">
    <skipped/>
  </testcase> <!-- echoToday -->
  <testcase name="sayHello" time="0.0" classname="com.citrus.myproject.SampleJavaIT">
    <skipped/>
  </testcase> <!-- sayHello -->
  <testcase name="sampleXml" time="0.0" classname="com.citrus.myproject.SampleXmlIT">
    <skipped/>
  </testcase> <!-- sampleXml -->
  <testcase name="@AfterSuite afterSuite" time="0.0" classname="com.consol.citrus.testng.AbstractTestNGCitrusTest">
    <ignored/>
  </testcase> <!-- @AfterSuite afterSuite -->
  <testcase name="@AfterSuite afterSuite" time="0.0" classname="com.consol.citrus.testng.AbstractTestNGCitrusTest">
    <ignored/>
  </testcase> <!-- @AfterSuite afterSuite -->
  <testcase name="@AfterSuite afterSuite" time="0.0" classname="com.consol.citrus.testng.AbstractTestNGCitrusTest">
    <ignored/>
  </testcase> <!-- @AfterSuite afterSuite -->
  <testcase name="@AfterSuite afterSuite" time="0.0" classname="com.consol.citrus.testng.AbstractTestNGCitrusTest">
    <ignored/>
  </testcase> <!-- @AfterSuite afterSuite -->
  <testcase name="testStringFunctions" time="0.0" classname="com.citrus.myproject.SampleCitrusFunctionsDemoIT">
    <ignored/>
  </testcase> <!-- testStringFunctions -->
  <testcase name="testNumberFunctions" time="0.0" classname="com.citrus.myproject.SampleCitrusFunctionsDemoIT">
    <ignored/>
  </testcase> <!-- testNumberFunctions -->
  <testcase name="@BeforeSuite beforeSuite" time="0.0" classname="com.consol.citrus.testng.AbstractTestNGCitrusTest">
    <ignored/>
  </testcase> <!-- @BeforeSuite beforeSuite -->
  <testcase name="@BeforeSuite beforeSuite" time="0.0" classname="com.consol.citrus.testng.AbstractTestNGCitrusTest">
    <ignored/>
  </testcase> <!-- @BeforeSuite beforeSuite -->
  <testcase name="@BeforeSuite beforeSuite" time="0.0" classname="com.consol.citrus.testng.AbstractTestNGCitrusTest">
    <ignored/>
  </testcase> <!-- @BeforeSuite beforeSuite -->
  <testcase name="@BeforeSuite beforeSuite" time="0.0" classname="com.consol.citrus.testng.AbstractTestNGCitrusTest">
    <ignored/>
  </testcase> <!-- @BeforeSuite beforeSuite -->
</testsuite> <!-- Surefire test -->
