<?xml version="1.0" encoding="UTF-8"?>
<testsuite xmlns:xsi="http://www.w3.org/2001/XMLSchema-instance" xsi:noNamespaceSchemaLocation="https://maven.apache.org/surefire/maven-failsafe-plugin/xsd/failsafe-test-report.xsd" name="TestSuite" time="3.396" tests="10" errors="0" skipped="5" failures="1">
  <properties>
[...]
</properties>
  <testcase name="test1" classname="com.citrus.myproject.SampleBehaviorDemoIT" time="0.193"/>
  <testcase name="test2" classname="com.citrus.myproject.SampleBehaviorDemoIT" time="0.108"/>
  <testcase name="springTestContextPrepareTestInstance" classname="com.citrus.myproject.SampleCitrusFunctionsDemoIT" time="0.148">
    <failure message="Error creating bean with name &apos;com.citrus.myproject.SampleCitrusFunctionsDemoIT&apos;: Unsatisfied dependency expressed through field &apos;httpclient&apos;; nested exception is org.springframework.beans.factory.NoSuchBeanDefinitionException: No qualifying bean of type &apos;com.consol.citrus.http.client.HttpClient&apos; available: expected at least 1 bean which qualifies as autowire candidate. Dependency annotations: {@org.springframework.beans.factory.annotation.Autowired(required=true)}" type="org.springframework.beans.factory.UnsatisfiedDependencyException">org.springframework.beans.factory.UnsatisfiedDependencyException: Error creating bean with name 'com.citrus.myproject.SampleCitrusFunctionsDemoIT': Unsatisfied dependency expressed through field 'httpclient'; nested exception is org.springframework.beans.factory.NoSuchBeanDefinitionException: No qualifying bean of type 'com.consol.citrus.http.client.HttpClient' available: expected at least 1 bean which qualifies as autowire candidate. Dependency annotations: {@org.springframework.beans.factory.annotation.Autowired(required=true)}
Caused by: org.springframework.beans.factory.NoSuchBeanDefinitionException: No qualifying bean of type 'com.consol.citrus.http.client.HttpClient' available: expected at least 1 bean which qualifies as autowire candidate. Dependency annotations: {@org.springframework.beans.factory.annotation.Autowired(required=true)}
</failure>
    <system-out><![CDATA[00:17:27,286 ERROR t.TestContextManager| Caught exception while allowing TestExecutionListener [org.springframework.test.context.support.DependencyInjectionTestExecutionListener@30865a90] to prepare test instance [com.citrus.myproject.SampleCitrusFunctionsDemoIT@7e07db1f]
org.springframework.beans.factory.UnsatisfiedDependencyException: Error creating bean with name 'com.citrus.myproject.SampleCitrusFunctionsDemoIT': Unsatisfied dependency expressed through field 'httpclient'; nested exception is org.springframework.beans.factory.NoSuchBeanDefinitionException: No qualifying bean of type 'com.consol.citrus.http.client.HttpClient' available: expected at least 1 bean which qualifies as autowire candidate. Dependency annotations: {@org.springframework.beans.factory.annotation.Autowired(required=true)}
	at org.springframework.beans.factory.annotation.AutowiredAnnotationBeanPostProcessor$AutowiredFieldElement.inject(AutowiredAnnotationBeanPostProcessor.java:586)
	at org.springframework.beans.factory.annotation.InjectionMetadata.inject(InjectionMetadata.java:91)
	at org.springframework.beans.factory.annotation.AutowiredAnnotationBeanPostProcessor.postProcessPropertyValues(AutowiredAnnotationBeanPostProcessor.java:372)
	at org.springframework.beans.factory.support.AbstractAutowireCapableBeanFactory.populateBean(AbstractAutowireCapableBeanFactory.java:1341)
	at org.springframework.beans.factory.support.AbstractAutowireCapableBeanFactory.autowireBeanProperties(AbstractAutowireCapableBeanFactory.java:393)
	at org.springframework.test.context.support.DependencyInjectionTestExecutionListener.injectDependencies(DependencyInjectionTestExecutionListener.java:118)
	at org.springframework.test.context.support.DependencyInjectionTestExecutionListener.prepareTestInstance(DependencyInjectionTestExecutionListener.java:83)
	at org.springframework.test.context.TestContextManager.prepareTestInstance(TestContextManager.java:246)
	at org.springframework.test.context.testng.AbstractTestNGSpringContextTests.springTestContextPrepareTestInstance(AbstractTestNGSpringContextTests.java:145)
	at sun.reflect.NativeMethodAccessorImpl.invoke0(Native Method)
	at sun.reflect.NativeMethodAccessorImpl.invoke(NativeMethodAccessorImpl.java:62)
	at sun.reflect.DelegatingMethodAccessorImpl.invoke(DelegatingMethodAccessorImpl.java:43)
	at java.lang.reflect.Method.invoke(Method.java:498)
	at org.testng.internal.MethodInvocationHelper.invokeMethod(MethodInvocationHelper.java:108)
	at org.testng.internal.Invoker.invokeConfigurationMethod(Invoker.java:523)
	at org.testng.internal.Invoker.invokeConfigurations(Invoker.java:224)
	at org.testng.internal.Invoker.invokeConfigurations(Invoker.java:146)
	at org.testng.internal.TestMethodWorker.invokeBeforeClassMethods(TestMethodWorker.java:166)
	at org.testng.internal.TestMethodWorker.run(TestMethodWorker.java:105)
	at org.testng.TestRunner.privateRun(TestRunner.java:744)
	at org.testng.TestRunner.run(TestRunner.java:602)
	at org.testng.SuiteRunner.runTest(SuiteRunner.java:380)
	at org.testng.SuiteRunner.runSequentially(SuiteRunner.java:375)
	at org.testng.SuiteRunner.privateRun(SuiteRunner.java:340)
	at org.testng.SuiteRunner.run(SuiteRunner.java:289)
	at org.testng.SuiteRunnerWorker.runSuite(SuiteRunnerWorker.java:52)
	at org.testng.SuiteRunnerWorker.run(SuiteRunnerWorker.java:86)
	at org.testng.TestNG.runSuitesSequentially(TestNG.java:1301)
	at org.testng.TestNG.runSuitesLocally(TestNG.java:1226)
	at org.testng.TestNG.runSuites(TestNG.java:1144)
	at org.testng.TestNG.run(TestNG.java:1115)
	at org.apache.maven.surefire.testng.TestNGExecutor.run(TestNGExecutor.java:135)
	at org.apache.maven.surefire.testng.TestNGDirectoryTestSuite.executeMulti(TestNGDirectoryTestSuite.java:193)
	at org.apache.maven.surefire.testng.TestNGDirectoryTestSuite.execute(TestNGDirectoryTestSuite.java:94)
	at org.apache.maven.surefire.testng.TestNGProvider.invoke(TestNGProvider.java:146)
	at org.apache.maven.surefire.booter.ForkedBooter.invokeProviderInSameClassLoader(ForkedBooter.java:386)
	at org.apache.maven.surefire.booter.ForkedBooter.runSuitesInProcess(ForkedBooter.java:323)
	at org.apache.maven.surefire.booter.ForkedBooter.main(ForkedBooter.java:143)
Caused by: org.springframework.beans.factory.NoSuchBeanDefinitionException: No qualifying bean of type 'com.consol.citrus.http.client.HttpClient' available: expected at least 1 bean which qualifies as autowire candidate. Dependency annotations: {@org.springframework.beans.factory.annotation.Autowired(required=true)}
	at org.springframework.beans.factory.support.DefaultListableBeanFactory.raiseNoMatchingBeanFound(DefaultListableBeanFactory.java:1506)
	at org.springframework.beans.factory.support.DefaultListableBeanFactory.doResolveDependency(DefaultListableBeanFactory.java:1101)
	at org.springframework.beans.factory.support.DefaultListableBeanFactory.resolveDependency(DefaultListableBeanFactory.java:1062)
	at org.springframework.beans.factory.annotation.AutowiredAnnotationBeanPostProcessor$AutowiredFieldElement.inject(AutowiredAnnotationBeanPostProcessor.java:583)
	... 37 more
]]></system-out>
  </testcase>
  <testcase name="testJsonFunctions" classname="com.citrus.myproject.SampleCitrusFunctionsDemoIT" time="0">
    <skipped message="Error creating bean with name &apos;com.citrus.myproject.SampleCitrusFunctionsDemoIT&apos;: Unsatisfied dependency expressed through field &apos;httpclient&apos;; nested exception is org.springframework.beans.factory.NoSuchBeanDefinitionException: No qualifying bean of type &apos;com.consol.citrus.http.client.HttpClient&apos; available: expected at least 1 bean which qualifies as autowire candidate. Dependency annotations: {@org.springframework.beans.factory.annotation.Autowired(required=true)}"/>
  </testcase>
  <testcase name="testLogService" classname="com.citrus.myproject.SampleJavaIDesignerDrawbackIT" time="0">
    <skipped message="Error creating bean with name &apos;com.citrus.myproject.SampleCitrusFunctionsDemoIT&apos;: Unsatisfied dependency expressed through field &apos;httpclient&apos;; nested exception is org.springframework.beans.factory.NoSuchBeanDefinitionException: No qualifying bean of type &apos;com.consol.citrus.http.client.HttpClient&apos; available: expected at least 1 bean which qualifies as autowire candidate. Dependency annotations: {@org.springframework.beans.factory.annotation.Autowired(required=true)}"/>
  </testcase>
  <testcase name="echoToday" classname="com.citrus.myproject.SampleJavaIT" time="0">
    <skipped message="Error creating bean with name &apos;com.citrus.myproject.SampleCitrusFunctionsDemoIT&apos;: Unsatisfied dependency expressed through field &apos;httpclient&apos;; nested exception is org.springframework.beans.factory.NoSuchBeanDefinitionException: No qualifying bean of type &apos;com.consol.citrus.http.client.HttpClient&apos; available: expected at least 1 bean which qualifies as autowire candidate. Dependency annotations: {@org.springframework.beans.factory.annotation.Autowired(required=true)}"/>
  </testcase>
  <testcase name="sayHello" classname="com.citrus.myproject.SampleJavaIT" time="0">
    <skipped message="Error creating bean with name &apos;com.citrus.myproject.SampleCitrusFunctionsDemoIT&apos;: Unsatisfied dependency expressed through field &apos;httpclient&apos;; nested exception is org.springframework.beans.factory.NoSuchBeanDefinitionException: No qualifying bean of type &apos;com.consol.citrus.http.client.HttpClient&apos; available: expected at least 1 bean which qualifies as autowire candidate. Dependency annotations: {@org.springframework.beans.factory.annotation.Autowired(required=true)}"/>
  </testcase>
  <testcase name="sampleXml" classname="com.citrus.myproject.SampleXmlIT" time="0">
    <skipped message="Error creating bean with name &apos;com.citrus.myproject.SampleCitrusFunctionsDemoIT&apos;: Unsatisfied dependency expressed through field &apos;httpclient&apos;; nested exception is org.springframework.beans.factory.NoSuchBeanDefinitionException: No qualifying bean of type &apos;com.consol.citrus.http.client.HttpClient&apos; available: expected at least 1 bean which qualifies as autowire candidate. Dependency annotations: {@org.springframework.beans.factory.annotation.Autowired(required=true)}"/>
  </testcase>
  <testcase name="sayHelloFromJunit on sayHelloFromJunit(com.citrus.myproject.SampleJavaJunit4IT)" classname="com.citrus.myproject.SampleJavaJunit4IT" time="0.113"/>
  <testcase name="testLogService on testLogService(com.citrus.myproject.SampleJavaRunnerIT)" classname="com.citrus.myproject.SampleJavaRunnerIT" time="0.11"/>
</testsuite>