<?xml version="1.0" encoding="UTF-8"?>
<testng-results skipped="0" failed="0" ignored="0" total="1" passed="1">
  <reporter-output>
  </reporter-output>
  <suite name="Surefire suite" duration-ms="1119" started-at="2020-09-28T18:47:21Z" finished-at="2020-09-28T18:47:23Z">
    <groups>
    </groups>
    <test name="Surefire test" duration-ms="1119" started-at="2020-09-28T18:47:21Z" finished-at="2020-09-28T18:47:23Z">
      <class name="com.citrus.myproject.ExtentReportTest">
        <test-method status="PASS" signature="test1()[pri:0, instance:com.citrus.myproject.ExtentReportTest@4590c9c3]" name="test1" duration-ms="1096" started-at="2020-09-29T00:17:21Z" finished-at="2020-09-29T00:17:23Z">
          <reporter-output>
          </reporter-output>
        </test-method> <!-- test1 -->
      </class> <!-- com.citrus.myproject.ExtentReportTest -->
    </test> <!-- Surefire test -->
  </suite> <!-- Surefire suite -->
</testng-results>
