<?xml version="1.0" encoding="UTF-8"?>
<!-- Generated by org.testng.reporters.JUnitXMLReporter -->
<testsuite hostname="Shalinis-MacBook-Pro.local" ignored="0" name="Surefire test" tests="2" failures="0" timestamp="28 Sep 2020 18:47:27 GMT" time="0.32" errors="0">
  <testcase name="sayHelloFromJunit on sayHelloFromJunit(com.citrus.myproject.SampleJavaJunit4IT)" time="0.142" classname="com.citrus.myproject.SampleJavaJunit4IT"/>
  <testcase name="testLogService on testLogService(com.citrus.myproject.SampleJavaRunnerIT)" time="0.118" classname="com.citrus.myproject.SampleJavaRunnerIT"/>
</testsuite> <!-- Surefire test -->
