<?xml version="1.0" encoding="UTF-8"?>
<testng-results skipped="0" failed="0" ignored="0" total="1" passed="1">
  <reporter-output>
  </reporter-output>
  <suite name="Default suite" duration-ms="380" started-at="2020-09-28T18:49:33Z" finished-at="2020-09-28T18:49:34Z">
    <groups>
    </groups>
    <test name="Default test" duration-ms="380" started-at="2020-09-28T18:49:33Z" finished-at="2020-09-28T18:49:34Z">
      <class name="com.citrus.myproject.SampleXmlIT">
        <test-method status="PASS" signature="beforeSuite(org.testng.ITestContext)[pri:0, instance:com.citrus.myproject.SampleXmlIT@25084a1e]" name="beforeSuite" is-config="true" duration-ms="1658" started-at="2020-09-29T00:19:32Z" finished-at="2020-09-29T00:19:33Z">
          <params>
            <param index="0">
              <value>
                <![CDATA[org.testng.TestRunner@1603dc2f]]>
              </value>
            </param>
          </params>
          <reporter-output>
          </reporter-output>
        </test-method> <!-- beforeSuite -->
        <test-method status="PASS" signature="springTestContextBeforeTestClass()[pri:0, instance:com.citrus.myproject.SampleXmlIT@25084a1e]" name="springTestContextBeforeTestClass" is-config="true" duration-ms="2" started-at="2020-09-29T00:19:33Z" finished-at="2020-09-29T00:19:33Z">
          <reporter-output>
          </reporter-output>
        </test-method> <!-- springTestContextBeforeTestClass -->
        <test-method status="PASS" signature="springTestContextPrepareTestInstance()[pri:0, instance:com.citrus.myproject.SampleXmlIT@25084a1e]" name="springTestContextPrepareTestInstance" is-config="true" duration-ms="0" started-at="2020-09-29T00:19:33Z" depends-on-methods="org.springframework.test.context.testng.AbstractTestNGSpringContextTests.springTestContextBeforeTestClass" finished-at="2020-09-29T00:19:33Z">
          <reporter-output>
          </reporter-output>
        </test-method> <!-- springTestContextPrepareTestInstance -->
        <test-method status="PASS" signature="springTestContextBeforeTestMethod(java.lang.reflect.Method)[pri:0, instance:com.citrus.myproject.SampleXmlIT@25084a1e]" name="springTestContextBeforeTestMethod" is-config="true" duration-ms="2" started-at="2020-09-29T00:19:33Z" finished-at="2020-09-29T00:19:33Z">
          <params>
            <param index="0">
              <value>
                <![CDATA[public void com.citrus.myproject.SampleXmlIT.sampleXml()]]>
              </value>
            </param>
          </params>
          <reporter-output>
          </reporter-output>
        </test-method> <!-- springTestContextBeforeTestMethod -->
        <test-method status="PASS" signature="sampleXml()[pri:0, instance:com.citrus.myproject.SampleXmlIT@25084a1e]" name="sampleXml" duration-ms="351" started-at="2020-09-29T00:19:33Z" finished-at="2020-09-29T00:19:34Z">
          <reporter-output>
          </reporter-output>
        </test-method> <!-- sampleXml -->
        <test-method status="PASS" signature="springTestContextAfterTestMethod(java.lang.reflect.Method)[pri:0, instance:com.citrus.myproject.SampleXmlIT@25084a1e]" name="springTestContextAfterTestMethod" is-config="true" duration-ms="1" started-at="2020-09-29T00:19:34Z" finished-at="2020-09-29T00:19:34Z">
          <params>
            <param index="0">
              <value>
                <![CDATA[public void com.citrus.myproject.SampleXmlIT.sampleXml()]]>
              </value>
            </param>
          </params>
          <reporter-output>
          </reporter-output>
        </test-method> <!-- springTestContextAfterTestMethod -->
        <test-method status="PASS" signature="springTestContextAfterTestClass()[pri:0, instance:com.citrus.myproject.SampleXmlIT@25084a1e]" name="springTestContextAfterTestClass" is-config="true" duration-ms="0" started-at="2020-09-29T00:19:34Z" finished-at="2020-09-29T00:19:34Z">
          <reporter-output>
          </reporter-output>
        </test-method> <!-- springTestContextAfterTestClass -->
        <test-method status="PASS" signature="afterSuite(org.testng.ITestContext)[pri:0, instance:com.citrus.myproject.SampleXmlIT@25084a1e]" name="afterSuite" is-config="true" duration-ms="45" started-at="2020-09-29T00:19:34Z" finished-at="2020-09-29T00:19:34Z">
          <params>
            <param index="0">
              <value>
                <![CDATA[org.testng.TestRunner@1603dc2f]]>
              </value>
            </param>
          </params>
          <reporter-output>
          </reporter-output>
        </test-method> <!-- afterSuite -->
      </class> <!-- com.citrus.myproject.SampleXmlIT -->
    </test> <!-- Default test -->
  </suite> <!-- Default suite -->
</testng-results>
